<?xml version="1.0" encoding="UTF-8"?>
<testsuite xmlns:xsi="http://www.w3.org/2001/XMLSchema-instance" xsi:noNamespaceSchemaLocation="https://maven.apache.org/surefire/maven-surefire-plugin/xsd/surefire-test-report.xsd" name="TestSuite" time="304.516" tests="24" errors="0" skipped="0" failures="10">
  <properties>
[...]
</properties>
  <testcase name="user_should_be_on_checking_page" classname="tests.CheckingRelatedTest" time="4.3"/>
  <testcase name="user_should_be_on_checking_page" classname="tests.CheckingRelatedTest" time="25.695"/>
  <testcase name="user_should_be_on_checking_page" classname="tests.CheckingRelatedTest" time="41.365"/>
  <testcase name="user_should_be_on_checking_page" classname="tests.CheckingRelatedTest" time="1.713">
    <failure message="Expected condition failed: waiting for visibility of Located by By.xpath: //*[@class=&apos;nav-toggle&apos;] (tried for 20 second(s) with 500 milliseconds interval)" type="org.openqa.selenium.TimeoutException">org.openqa.selenium.TimeoutException: Expected condition failed: waiting for visibility of Located by By.xpath: //*[@class='nav-toggle'] (tried for 20 second(s) with 500 milliseconds interval)
	at tests.CheckingRelatedTest.user_should_be_on_checking_page(CheckingRelatedTest.java:30)
Caused by: org.openqa.selenium.NoSuchElementException: Can't locate an element by this strategy: By.xpath: //*[@class='nav-toggle']
	at tests.CheckingRelatedTest.user_should_be_on_checking_page(CheckingRelatedTest.java:30)
Caused by: org.openqa.selenium.TimeoutException: Expected condition failed: waiting for io.appium.java_client.pagefactory.AppiumElementLocator$WaitingFunction@79eff6bf (tried for 1 second(s) with 500 milliseconds interval)
	at tests.CheckingRelatedTest.user_should_be_on_checking_page(CheckingRelatedTest.java:30)
Caused by: org.openqa.selenium.NoSuchElementException: 
no such element: Unable to locate element: {"method":"xpath","selector":"//*[@class='nav-toggle']"}
  (Session info: chrome=71.0.3578.99)
  (Driver info: chromedriver=2.41.578737 (49da6702b16031c40d63e5618de03a32ff6c197e),platform=Windows NT 10.0.14393 x86_64) (WARNING: The server did not provide any stacktrace information)
Command duration or timeout: 0 milliseconds
For documentation on this error, please visit: http://seleniumhq.org/exceptions/no_such_element.html
Build info: version: '3.12.0', revision: '7c6e0b3', time: '2018-05-08T14:04:26.12Z'
System info: host: 'WINDOWS-KEN7H9H', ip: '192.168.0.15', os.name: 'Windows 10', os.arch: 'amd64', os.version: '10.0', java.version: '1.8.0_161'
Driver info: io.appium.java_client.android.AndroidDriver
Capabilities {PNC: PNC_Android_Web, appiumVersion: 1.8.0, autoAcceptAlerts: false, autoDismissAlerts: false, autoGrantPermissions: false, autoWebview: false, browserName: chrome, cloudViewLink: https://sales.experitest.co..., desired: {PNC: PNC_Android_Web, browserName: chrome, deviceQuery: @os='android', newSessionWaitTimeout: 300.0, platformName: Android, testName: user_should_be_on_checking_...}, device.category: PHONE, device.majorVersion: 5, device.manufacture: HUAWEI, device.model: ALE-L02, device.name: HUAWEI ALE-L02, device.os: Android, device.screenSize: 720x1280, device.serialNumber: N2K7N16811000808, device.version: 5.0.1, deviceQuery: @os='android', deviceUDID: N2K7N16811000808, dontGoHomeOnQuit: false, dontStopAppOnReset: false, ehmPrefixUrl: /agent-11, fullReset: false, gridNodePort: 7787, install.only.for.update: false, instrumentApp: false, javascriptEnabled: true, keystorePath: ~/.android/debug.keystore, locationServicesAuthorized: false, newSessionWaitTimeout: 300.0, noReset: false, platform: ANDROID, platformName: ANDROID, projectName: , reportDirectory: reports, reportFormat: xml, reportUrl: https://sales.experitest.co..., reservationDuration: 240.0, takeScreenshots: true, test.type: Mobile, testName: user_should_be_on_checking_..., udid: N2K7N16811000808, useKeystore: false, waitForDeviceTimeout: 120000.0}
Session ID: CLOUD-SID:2019-01-14_17-12-37-b46dbd2a-8c56-4ce5-a400-1bb881e51ecd
*** Element info: {Using=xpath, value=//*[@class='nav-toggle']}
	at tests.CheckingRelatedTest.user_should_be_on_checking_page(CheckingRelatedTest.java:30)
</failure>
    <system-out><![CDATA[Mon Jan 14 10:13:45 EST 2019 [Thread[TestNG-tests-2,5,main]][INFO] SeeTest reporterSetStatus - Status 'Failed' could not be sent to any drivers on the class tests.CheckingRelatedTest
]]></system-out>
  </testcase>
  <testcase name="user_should_be_on_checking_page" classname="tests.CheckingRelatedTest" time="19.539"/>
  <testcase name="user_should_be_on_checking_page" classname="tests.CheckingRelatedTest" time="30.44"/>
  <testcase name="user_should_be_on_savings_page" classname="tests.SavingsRelatedTest" time="4.851">
    <failure message="Expected condition failed: waiting for visibility of Located by By.xpath: //*[@class=&apos;nav-toggle&apos;] (tried for 20 second(s) with 500 milliseconds interval)" type="org.openqa.selenium.TimeoutException">org.openqa.selenium.TimeoutException: Expected condition failed: waiting for visibility of Located by By.xpath: //*[@class='nav-toggle'] (tried for 20 second(s) with 500 milliseconds interval)
	at tests.SavingsRelatedTest.user_should_be_on_savings_page(SavingsRelatedTest.java:30)
Caused by: org.openqa.selenium.NoSuchElementException: Can't locate an element by this strategy: By.xpath: //*[@class='nav-toggle']
	at tests.SavingsRelatedTest.user_should_be_on_savings_page(SavingsRelatedTest.java:30)
Caused by: org.openqa.selenium.TimeoutException: Expected condition failed: waiting for io.appium.java_client.pagefactory.AppiumElementLocator$WaitingFunction@25a9653c (tried for 1 second(s) with 500 milliseconds interval)
	at tests.SavingsRelatedTest.user_should_be_on_savings_page(SavingsRelatedTest.java:30)
Caused by: org.openqa.selenium.NoSuchElementException: 
no such element: Unable to locate element: {"method":"xpath","selector":"//*[@class='nav-toggle']"}
  (Session info: chrome=71.0.3578.99)
  (Driver info: chromedriver=2.41.578737 (49da6702b16031c40d63e5618de03a32ff6c197e),platform=Windows NT 10.0.14393 x86_64) (WARNING: The server did not provide any stacktrace information)
Command duration or timeout: 0 milliseconds
For documentation on this error, please visit: http://seleniumhq.org/exceptions/no_such_element.html
Build info: version: '3.12.0', revision: '7c6e0b3', time: '2018-05-08T14:04:26.12Z'
System info: host: 'WINDOWS-KEN7H9H', ip: '192.168.0.15', os.name: 'Windows 10', os.arch: 'amd64', os.version: '10.0', java.version: '1.8.0_161'
Driver info: io.appium.java_client.android.AndroidDriver
Capabilities {PNC: PNC_Android_Web, appiumVersion: 1.8.0, autoAcceptAlerts: false, autoDismissAlerts: false, autoGrantPermissions: false, autoWebview: false, browserName: chrome, cloudViewLink: https://sales.experitest.co..., desired: {PNC: PNC_Android_Web, browserName: chrome, deviceQuery: @os='android', newSessionWaitTimeout: 300.0, platformName: Android, testName: user_should_be_on_savings_page}, device.category: PHONE, device.majorVersion: 5, device.manufacture: HUAWEI, device.model: HUAWEI GRA-L09, device.name: HUAWEI A0141, device.os: Android, device.screenSize: 1080x1920, device.serialNumber: S7M0215829004355, device.version: 5.0, deviceQuery: @os='android', deviceUDID: S7M0215829004355, dontGoHomeOnQuit: false, dontStopAppOnReset: false, ehmPrefixUrl: /agent-11, fullReset: false, gridNodePort: 7782, install.only.for.update: false, instrumentApp: false, javascriptEnabled: true, keystorePath: ~/.android/debug.keystore, locationServicesAuthorized: false, newSessionWaitTimeout: 300.0, noReset: false, platform: ANDROID, platformName: ANDROID, projectName: , reportDirectory: reports, reportFormat: xml, reportUrl: https://sales.experitest.co..., reservationDuration: 240.0, takeScreenshots: true, test.type: Mobile, testName: user_should_be_on_savings_page, udid: S7M0215829004355, useKeystore: false, waitForDeviceTimeout: 120000.0}
Session ID: CLOUD-SID:2019-01-14_17-11-10-cba343f9-d40f-475b-831a-15b884c0cf63
*** Element info: {Using=xpath, value=//*[@class='nav-toggle']}
	at tests.SavingsRelatedTest.user_should_be_on_savings_page(SavingsRelatedTest.java:30)
</failure>
    <system-out><![CDATA[Mon Jan 14 10:12:14 EST 2019 [Thread[TestNG-tests-5,5,main]][INFO] SeeTest reporterSetStatus - Status 'Failed' could not be sent to any drivers on the class tests.SavingsRelatedTest
]]></system-out>
  </testcase>
  <testcase name="user_should_be_on_savings_page" classname="tests.SavingsRelatedTest" time="29.834">
    <failure message="Can&apos;t locate an element by this strategy: By.xpath: //h3[text()=&apos;Is this your zip code?&apos;]" type="org.openqa.selenium.NoSuchElementException">org.openqa.selenium.NoSuchElementException: Can't locate an element by this strategy: By.xpath: //h3[text()='Is this your zip code?']
	at tests.SavingsRelatedTest.user_should_be_on_savings_page(SavingsRelatedTest.java:34)
Caused by: org.openqa.selenium.TimeoutException: Expected condition failed: waiting for io.appium.java_client.pagefactory.AppiumElementLocator$WaitingFunction@9e54244 (tried for 1 second(s) with 500 milliseconds interval)
	at tests.SavingsRelatedTest.user_should_be_on_savings_page(SavingsRelatedTest.java:34)
Caused by: org.openqa.selenium.NoSuchElementException: 
no such element (An element could not be located on the page using the given search parameters (XPATH='//h3[text()='Is this your zip code?']'))  (WARNING: The server did not provide any stacktrace information)
Command duration or timeout: 0 milliseconds
For documentation on this error, please visit: http://seleniumhq.org/exceptions/no_such_element.html
Build info: version: '3.12.0', revision: '7c6e0b3', time: '2018-05-08T14:04:26.12Z'
System info: host: 'WINDOWS-KEN7H9H', ip: '192.168.0.15', os.name: 'Windows 10', os.arch: 'amd64', os.version: '10.0', java.version: '1.8.0_161'
Driver info: io.appium.java_client.ios.IOSDriver
Capabilities {PNC: PNC_IOS_Web, appiumVersion: 1.8.0, autoAcceptAlerts: false, autoDismissAlerts: false, autoGrantPermissions: false, autoWebview: false, automationName: XCUITest, browserName: safari, cloudViewLink: https://sales.experitest.co..., desired: {PNC: PNC_IOS_Web, browserName: safari, deviceQuery: @os='ios', newSessionWaitTimeout: 300.0, platformName: iOS, testName: user_should_be_on_savings_page}, device.category: TABLET, device.majorVersion: 11, device.manufacture: Apple, device.model: iPad (5th generation), device.name: iPad B0203, device.os: iOS, device.screenSize: 1536x2048, device.serialNumber: 76044e6bceb3d65694fc7bc3281..., device.version: 11.1, deviceQuery: @os='ios', deviceUDID: 76044e6bceb3d65694fc7bc3281..., dontGoHomeOnQuit: false, dontStopAppOnReset: false, ehmPrefixUrl: /agent-11, fullReset: false, gridNodePort: 7779, install.only.for.update: false, instrumentApp: false, javascriptEnabled: true, keystorePath: ~/.android/debug.keystore, locationServicesAuthorized: false, newSessionWaitTimeout: 300.0, noReset: false, platform: IOS, platformName: IOS, projectName: , reportDirectory: reports, reportFormat: xml, reportUrl: https://sales.experitest.co..., reservationDuration: 240.0, takeScreenshots: true, test.type: Mobile, testName: user_should_be_on_savings_page, udid: 76044e6bceb3d65694fc7bc3281..., useKeystore: false, waitForDeviceTimeout: 120000.0}
Session ID: CLOUD-SID:2019-01-14_17-11-10-13e57929-c262-40e3-ae61-c18625049dfc
*** Element info: {Using=xpath, value=//h3[text()='Is this your zip code?']}
	at tests.SavingsRelatedTest.user_should_be_on_savings_page(SavingsRelatedTest.java:34)
</failure>
    <system-out><![CDATA[Mon Jan 14 10:12:40 EST 2019 [Thread[TestNG-tests-6,5,main]][INFO] SeeTest reporterSetStatus - Status 'Failed' could not be sent to any drivers on the class tests.SavingsRelatedTest
]]></system-out>
  </testcase>
  <testcase name="user_should_be_on_savings_page" classname="tests.SavingsRelatedTest" time="3.725"/>
  <testcase name="user_should_be_on_savings_page" classname="tests.SavingsRelatedTest" time="13.328">
    <failure message="Can&apos;t locate an element by this strategy: By.xpath: //h3[text()=&apos;Is this your zip code?&apos;]" type="org.openqa.selenium.NoSuchElementException">org.openqa.selenium.NoSuchElementException: Can't locate an element by this strategy: By.xpath: //h3[text()='Is this your zip code?']
	at tests.SavingsRelatedTest.user_should_be_on_savings_page(SavingsRelatedTest.java:34)
Caused by: org.openqa.selenium.TimeoutException: Expected condition failed: waiting for io.appium.java_client.pagefactory.AppiumElementLocator$WaitingFunction@36b3db12 (tried for 1 second(s) with 500 milliseconds interval)
	at tests.SavingsRelatedTest.user_should_be_on_savings_page(SavingsRelatedTest.java:34)
Caused by: org.openqa.selenium.NoSuchElementException: 
no such element (An element could not be located on the page using the given search parameters (XPATH='//h3[text()='Is this your zip code?']'))  (WARNING: The server did not provide any stacktrace information)
Command duration or timeout: 0 milliseconds
For documentation on this error, please visit: http://seleniumhq.org/exceptions/no_such_element.html
Build info: version: '3.12.0', revision: '7c6e0b3', time: '2018-05-08T14:04:26.12Z'
System info: host: 'WINDOWS-KEN7H9H', ip: '192.168.0.15', os.name: 'Windows 10', os.arch: 'amd64', os.version: '10.0', java.version: '1.8.0_161'
Driver info: io.appium.java_client.ios.IOSDriver
Capabilities {PNC: PNC_IOS_Web, appiumVersion: 1.8.0, autoAcceptAlerts: false, autoDismissAlerts: false, autoGrantPermissions: false, autoWebview: false, automationName: XCUITest, browserName: safari, cloudViewLink: https://sales.experitest.co..., desired: {PNC: PNC_IOS_Web, browserName: safari, deviceQuery: @os='ios', newSessionWaitTimeout: 300.0, platformName: iOS, testName: user_should_be_on_savings_page}, device.category: PHONE, device.majorVersion: 12, device.manufacture: Apple, device.model: iPhone X, device.name: appleId’s iPhone, device.os: iOS, device.screenSize: 1125x2436, device.serialNumber: 91368220f9115386c03c99d720b..., device.version: 12.0, deviceQuery: @os='ios', deviceUDID: 91368220f9115386c03c99d720b..., dontGoHomeOnQuit: false, dontStopAppOnReset: false, ehmPrefixUrl: /agent-9, fullReset: false, gridNodePort: 7783, install.only.for.update: false, instrumentApp: false, javascriptEnabled: true, keystorePath: ~/.android/debug.keystore, locationServicesAuthorized: false, newSessionWaitTimeout: 300.0, noReset: false, platform: IOS, platformName: IOS, projectName: , reportDirectory: reports, reportFormat: xml, reportUrl: https://sales.experitest.co..., reservationDuration: 240.0, takeScreenshots: true, test.type: Mobile, testName: user_should_be_on_savings_page, udid: 91368220f9115386c03c99d720b..., useKeystore: false, waitForDeviceTimeout: 120000.0}
Session ID: CLOUD-SID:2019-01-14_17-12-14-ddebddcc-b27c-41ed-a3bb-abb4d632058c
*** Element info: {Using=xpath, value=//h3[text()='Is this your zip code?']}
	at tests.SavingsRelatedTest.user_should_be_on_savings_page(SavingsRelatedTest.java:34)
</failure>
    <system-out><![CDATA[Mon Jan 14 10:13:42 EST 2019 [Thread[TestNG-tests-5,5,main]][INFO] SeeTest reporterSetStatus - Status 'Failed' could not be sent to any drivers on the class tests.SavingsRelatedTest
]]></system-out>
    <system-err><![CDATA[Jan 14, 2019 10:13:33 AM io.appium.java_client.remote.AppiumCommandExecutor$1 lambda$0
INFO: Detected dialect: OSS
]]></system-err>
  </testcase>
  <testcase name="user_should_be_on_savings_page" classname="tests.SavingsRelatedTest" time="6.132">
    <failure message="Expected condition failed: waiting for visibility of Located by By.xpath: //*[@class=&apos;nav-toggle&apos;] (tried for 20 second(s) with 500 milliseconds interval)" type="org.openqa.selenium.TimeoutException">org.openqa.selenium.TimeoutException: Expected condition failed: waiting for visibility of Located by By.xpath: //*[@class='nav-toggle'] (tried for 20 second(s) with 500 milliseconds interval)
	at tests.SavingsRelatedTest.user_should_be_on_savings_page(SavingsRelatedTest.java:30)
Caused by: org.openqa.selenium.NoSuchElementException: Can't locate an element by this strategy: By.xpath: //*[@class='nav-toggle']
	at tests.SavingsRelatedTest.user_should_be_on_savings_page(SavingsRelatedTest.java:30)
Caused by: org.openqa.selenium.TimeoutException: Expected condition failed: waiting for io.appium.java_client.pagefactory.AppiumElementLocator$WaitingFunction@7ee41a58 (tried for 1 second(s) with 500 milliseconds interval)
	at tests.SavingsRelatedTest.user_should_be_on_savings_page(SavingsRelatedTest.java:30)
Caused by: org.openqa.selenium.NoSuchElementException: 
no such element: Unable to locate element: {"method":"xpath","selector":"//*[@class='nav-toggle']"}
  (Session info: chrome=69.0.3497.100)
  (Driver info: chromedriver=2.41.578737 (49da6702b16031c40d63e5618de03a32ff6c197e),platform=Windows NT 10.0.14393 x86_64) (WARNING: The server did not provide any stacktrace information)
Command duration or timeout: 0 milliseconds
For documentation on this error, please visit: http://seleniumhq.org/exceptions/no_such_element.html
Build info: version: '3.12.0', revision: '7c6e0b3', time: '2018-05-08T14:04:26.12Z'
System info: host: 'WINDOWS-KEN7H9H', ip: '192.168.0.15', os.name: 'Windows 10', os.arch: 'amd64', os.version: '10.0', java.version: '1.8.0_161'
Driver info: io.appium.java_client.android.AndroidDriver
Capabilities {PNC: PNC_Android_Web, appiumVersion: 1.8.0, autoAcceptAlerts: false, autoDismissAlerts: false, autoGrantPermissions: false, autoWebview: false, browserName: chrome, cloudViewLink: https://sales.experitest.co..., desired: {PNC: PNC_Android_Web, browserName: chrome, deviceQuery: @os='android', newSessionWaitTimeout: 300.0, platformName: Android, testName: user_should_be_on_savings_page}, device.category: PHONE, device.majorVersion: 8, device.manufacture: samsung, device.model: SM-N950F, device.name: Galaxy Note 8 A0259, device.os: Android, device.screenSize: 1080x2220, device.serialNumber: 988b5a43383648315830, device.version: 8.0.0, deviceQuery: @os='android', deviceUDID: 988b5a43383648315830, dontGoHomeOnQuit: false, dontStopAppOnReset: false, ehmPrefixUrl: /agent-11, fullReset: false, gridNodePort: 7788, install.only.for.update: false, instrumentApp: false, javascriptEnabled: true, keystorePath: ~/.android/debug.keystore, locationServicesAuthorized: false, newSessionWaitTimeout: 300.0, noReset: false, platform: ANDROID, platformName: ANDROID, projectName: , reportDirectory: reports, reportFormat: xml, reportUrl: https://sales.experitest.co..., reservationDuration: 240.0, takeScreenshots: true, test.type: Mobile, testName: user_should_be_on_savings_page, udid: 988b5a43383648315830, useKeystore: false, waitForDeviceTimeout: 120000.0}
Session ID: CLOUD-SID:2019-01-14_17-12-44-12279389-66f0-411f-828d-0a054842fb0a
*** Element info: {Using=xpath, value=//*[@class='nav-toggle']}
	at tests.SavingsRelatedTest.user_should_be_on_savings_page(SavingsRelatedTest.java:30)
</failure>
    <system-out><![CDATA[Mon Jan 14 10:13:50 EST 2019 [Thread[TestNG-tests-9,5,main]][INFO] SeeTest reporterSetStatus - Status 'Failed' could not be sent to any drivers on the class tests.SavingsRelatedTest
]]></system-out>
  </testcase>
  <testcase name="user_should_be_on_savings_page" classname="tests.SavingsRelatedTest" time="9.136">
    <failure message="Can&apos;t locate an element by this strategy: By.xpath: //h3[text()=&apos;Is this your zip code?&apos;]" type="org.openqa.selenium.NoSuchElementException">org.openqa.selenium.NoSuchElementException: Can't locate an element by this strategy: By.xpath: //h3[text()='Is this your zip code?']
	at tests.SavingsRelatedTest.user_should_be_on_savings_page(SavingsRelatedTest.java:34)
Caused by: org.openqa.selenium.TimeoutException: Expected condition failed: waiting for io.appium.java_client.pagefactory.AppiumElementLocator$WaitingFunction@60d0f54d (tried for 1 second(s) with 500 milliseconds interval)
	at tests.SavingsRelatedTest.user_should_be_on_savings_page(SavingsRelatedTest.java:34)
Caused by: org.openqa.selenium.NoSuchElementException: 
no such element (An element could not be located on the page using the given search parameters (XPATH='//h3[text()='Is this your zip code?']'))  (WARNING: The server did not provide any stacktrace information)
Command duration or timeout: 0 milliseconds
For documentation on this error, please visit: http://seleniumhq.org/exceptions/no_such_element.html
Build info: version: '3.12.0', revision: '7c6e0b3', time: '2018-05-08T14:04:26.12Z'
System info: host: 'WINDOWS-KEN7H9H', ip: '192.168.0.15', os.name: 'Windows 10', os.arch: 'amd64', os.version: '10.0', java.version: '1.8.0_161'
Driver info: io.appium.java_client.ios.IOSDriver
Capabilities {PNC: PNC_IOS_Web, appiumVersion: 1.8.0, autoAcceptAlerts: false, autoDismissAlerts: false, autoGrantPermissions: false, autoWebview: false, automationName: XCUITest, browserName: safari, cloudViewLink: https://sales.experitest.co..., desired: {PNC: PNC_IOS_Web, browserName: safari, deviceQuery: @os='ios', newSessionWaitTimeout: 300.0, platformName: iOS, testName: user_should_be_on_savings_page}, device.category: PHONE, device.majorVersion: 11, device.manufacture: Apple, device.model: iPhone 8+, device.name: iPhone 8 Plus B0166, device.os: iOS, device.screenSize: 1242x2208, device.serialNumber: 81fbdb60549592832dd27664726..., device.version: 11.1, deviceQuery: @os='ios', deviceUDID: 81fbdb60549592832dd27664726..., dontGoHomeOnQuit: false, dontStopAppOnReset: false, ehmPrefixUrl: /agent-11, fullReset: false, gridNodePort: 7789, install.only.for.update: false, instrumentApp: false, javascriptEnabled: true, keystorePath: ~/.android/debug.keystore, locationServicesAuthorized: false, newSessionWaitTimeout: 300.0, noReset: false, platform: IOS, platformName: IOS, projectName: , reportDirectory: reports, reportFormat: xml, reportUrl: https://sales.experitest.co..., reservationDuration: 240.0, takeScreenshots: true, test.type: Mobile, testName: user_should_be_on_savings_page, udid: 81fbdb60549592832dd27664726..., useKeystore: false, waitForDeviceTimeout: 120000.0}
Session ID: CLOUD-SID:2019-01-14_17-12-48-507efa13-c942-4634-a3b5-63f9afe4cf06
*** Element info: {Using=xpath, value=//h3[text()='Is this your zip code?']}
	at tests.SavingsRelatedTest.user_should_be_on_savings_page(SavingsRelatedTest.java:34)
</failure>
    <system-out><![CDATA[Mon Jan 14 10:14:23 EST 2019 [Thread[TestNG-tests-4,5,main]][INFO] SeeTest reporterSetStatus - Status 'Failed' could not be sent to any drivers on the class tests.SavingsRelatedTest
]]></system-out>
  </testcase>
  <testcase name="user_should_be_on_credit_cards_page" classname="tests.CreditCardsRelatedTest" time="8.98">
    <failure message="Expected condition failed: waiting for visibility of Located by By.xpath: //*[@class=&apos;nav-toggle&apos;] (tried for 20 second(s) with 500 milliseconds interval)" type="org.openqa.selenium.TimeoutException">org.openqa.selenium.TimeoutException: Expected condition failed: waiting for visibility of Located by By.xpath: //*[@class='nav-toggle'] (tried for 20 second(s) with 500 milliseconds interval)
	at tests.CreditCardsRelatedTest.user_should_be_on_credit_cards_page(CreditCardsRelatedTest.java:30)
Caused by: org.openqa.selenium.NoSuchElementException: Can't locate an element by this strategy: By.xpath: //*[@class='nav-toggle']
	at tests.CreditCardsRelatedTest.user_should_be_on_credit_cards_page(CreditCardsRelatedTest.java:30)
Caused by: org.openqa.selenium.TimeoutException: Expected condition failed: waiting for io.appium.java_client.pagefactory.AppiumElementLocator$WaitingFunction@5f9658a3 (tried for 1 second(s) with 500 milliseconds interval)
	at tests.CreditCardsRelatedTest.user_should_be_on_credit_cards_page(CreditCardsRelatedTest.java:30)
Caused by: org.openqa.selenium.NoSuchElementException: 
no such element: Unable to locate element: {"method":"xpath","selector":"//*[@class='nav-toggle']"}
  (Session info: chrome=69.0.3497.100)
  (Driver info: chromedriver=2.41.578737 (49da6702b16031c40d63e5618de03a32ff6c197e),platform=Windows NT 10.0.14393 x86_64) (WARNING: The server did not provide any stacktrace information)
Command duration or timeout: 0 milliseconds
For documentation on this error, please visit: http://seleniumhq.org/exceptions/no_such_element.html
Build info: version: '3.12.0', revision: '7c6e0b3', time: '2018-05-08T14:04:26.12Z'
System info: host: 'WINDOWS-KEN7H9H', ip: '192.168.0.15', os.name: 'Windows 10', os.arch: 'amd64', os.version: '10.0', java.version: '1.8.0_161'
Driver info: io.appium.java_client.android.AndroidDriver
Capabilities {PNC: PNC_Android_Web, appiumVersion: 1.8.0, autoAcceptAlerts: false, autoDismissAlerts: false, autoGrantPermissions: false, autoWebview: false, browserName: chrome, cloudViewLink: https://sales.experitest.co..., desired: {PNC: PNC_Android_Web, browserName: chrome, deviceQuery: @os='android', newSessionWaitTimeout: 300.0, platformName: Android, testName: user_should_be_on_credit_ca...}, device.category: PHONE, device.majorVersion: 8, device.manufacture: samsung, device.model: SM-N950F, device.name: Galaxy Note 8 A0259, device.os: Android, device.screenSize: 1080x2220, device.serialNumber: 988b5a43383648315830, device.version: 8.0.0, deviceQuery: @os='android', deviceUDID: 988b5a43383648315830, dontGoHomeOnQuit: false, dontStopAppOnReset: false, ehmPrefixUrl: /agent-11, fullReset: false, gridNodePort: 7780, install.only.for.update: false, instrumentApp: false, javascriptEnabled: true, keystorePath: ~/.android/debug.keystore, locationServicesAuthorized: false, newSessionWaitTimeout: 300.0, noReset: false, platform: ANDROID, platformName: ANDROID, projectName: , reportDirectory: reports, reportFormat: xml, reportUrl: https://sales.experitest.co..., reservationDuration: 240.0, takeScreenshots: true, test.type: Mobile, testName: user_should_be_on_credit_ca..., udid: 988b5a43383648315830, useKeystore: false, waitForDeviceTimeout: 120000.0}
Session ID: CLOUD-SID:2019-01-14_17-11-10-1294f156-0993-4719-b66b-c713e193ee42
*** Element info: {Using=xpath, value=//*[@class='nav-toggle']}
	at tests.CreditCardsRelatedTest.user_should_be_on_credit_cards_page(CreditCardsRelatedTest.java:30)
</failure>
    <system-out><![CDATA[Mon Jan 14 10:12:19 EST 2019 [Thread[TestNG-tests-7,5,main]][INFO] SeeTest reporterSetStatus - Status 'Failed' could not be sent to any drivers on the class tests.CreditCardsRelatedTest
]]></system-out>
  </testcase>
  <testcase name="user_should_be_on_credit_cards_page" classname="tests.CreditCardsRelatedTest" time="23.834"/>
  <testcase name="user_should_be_on_credit_cards_page" classname="tests.CreditCardsRelatedTest" time="5.161">
    <failure message="Expected condition failed: waiting for visibility of Located by By.xpath: //*[@class=&apos;nav-toggle&apos;] (tried for 20 second(s) with 500 milliseconds interval)" type="org.openqa.selenium.TimeoutException">org.openqa.selenium.TimeoutException: Expected condition failed: waiting for visibility of Located by By.xpath: //*[@class='nav-toggle'] (tried for 20 second(s) with 500 milliseconds interval)
	at tests.CreditCardsRelatedTest.user_should_be_on_credit_cards_page(CreditCardsRelatedTest.java:30)
Caused by: org.openqa.selenium.NoSuchElementException: Can't locate an element by this strategy: By.xpath: //*[@class='nav-toggle']
	at tests.CreditCardsRelatedTest.user_should_be_on_credit_cards_page(CreditCardsRelatedTest.java:30)
Caused by: org.openqa.selenium.TimeoutException: Expected condition failed: waiting for io.appium.java_client.pagefactory.AppiumElementLocator$WaitingFunction@7e19eca6 (tried for 1 second(s) with 500 milliseconds interval)
	at tests.CreditCardsRelatedTest.user_should_be_on_credit_cards_page(CreditCardsRelatedTest.java:30)
Caused by: org.openqa.selenium.NoSuchElementException: 
no such element: Unable to locate element: {"method":"xpath","selector":"//*[@class='nav-toggle']"}
  (Session info: chrome=71.0.3578.99)
  (Driver info: chromedriver=2.41.578737 (49da6702b16031c40d63e5618de03a32ff6c197e),platform=Windows NT 10.0.14393 x86_64) (WARNING: The server did not provide any stacktrace information)
Command duration or timeout: 0 milliseconds
For documentation on this error, please visit: http://seleniumhq.org/exceptions/no_such_element.html
Build info: version: '3.12.0', revision: '7c6e0b3', time: '2018-05-08T14:04:26.12Z'
System info: host: 'WINDOWS-KEN7H9H', ip: '192.168.0.15', os.name: 'Windows 10', os.arch: 'amd64', os.version: '10.0', java.version: '1.8.0_161'
Driver info: io.appium.java_client.android.AndroidDriver
Capabilities {PNC: PNC_Android_Web, appiumVersion: 1.8.0, autoAcceptAlerts: false, autoDismissAlerts: false, autoGrantPermissions: false, autoWebview: false, browserName: chrome, cloudViewLink: https://sales.experitest.co..., desired: {PNC: PNC_Android_Web, browserName: chrome, deviceQuery: @os='android', newSessionWaitTimeout: 300.0, platformName: Android, testName: user_should_be_on_credit_ca...}, device.category: PHONE, device.majorVersion: 5, device.manufacture: HUAWEI, device.model: HUAWEI GRA-L09, device.name: HUAWEI A0141, device.os: Android, device.screenSize: 1080x1920, device.serialNumber: S7M0215829004355, device.version: 5.0, deviceQuery: @os='android', deviceUDID: S7M0215829004355, dontGoHomeOnQuit: false, dontStopAppOnReset: false, ehmPrefixUrl: /agent-11, fullReset: false, gridNodePort: 7784, install.only.for.update: false, instrumentApp: false, javascriptEnabled: true, keystorePath: ~/.android/debug.keystore, locationServicesAuthorized: false, newSessionWaitTimeout: 300.0, noReset: false, platform: ANDROID, platformName: ANDROID, projectName: , reportDirectory: reports, reportFormat: xml, reportUrl: https://sales.experitest.co..., reservationDuration: 240.0, takeScreenshots: true, test.type: Mobile, testName: user_should_be_on_credit_ca..., udid: S7M0215829004355, useKeystore: false, waitForDeviceTimeout: 120000.0}
Session ID: CLOUD-SID:2019-01-14_17-12-18-81650d5a-3227-469a-aff9-54c43fd43f30
*** Element info: {Using=xpath, value=//*[@class='nav-toggle']}
	at tests.CreditCardsRelatedTest.user_should_be_on_credit_cards_page(CreditCardsRelatedTest.java:30)
</failure>
    <system-out><![CDATA[Mon Jan 14 10:13:21 EST 2019 [Thread[TestNG-tests-7,5,main]][INFO] SeeTest reporterSetStatus - Status 'Failed' could not be sent to any drivers on the class tests.CreditCardsRelatedTest
]]></system-out>
    <system-err><![CDATA[Jan 14, 2019 10:13:21 AM io.appium.java_client.remote.AppiumCommandExecutor$1 lambda$0
INFO: Detected dialect: OSS
]]></system-err>
  </testcase>
  <testcase name="user_should_be_on_credit_cards_page" classname="tests.CreditCardsRelatedTest" time="24.229"/>
  <testcase name="user_should_be_on_credit_cards_page" classname="tests.CreditCardsRelatedTest" time="27.205"/>
  <testcase name="user_should_be_on_credit_cards_page" classname="tests.CreditCardsRelatedTest" time="21.887">
    <failure message="Expected condition failed: waiting for visibility of Located by By.xpath: //*[@class=&apos;nav-toggle&apos;] (tried for 20 second(s) with 500 milliseconds interval)" type="org.openqa.selenium.TimeoutException">org.openqa.selenium.TimeoutException: Expected condition failed: waiting for visibility of Located by By.xpath: //*[@class='nav-toggle'] (tried for 20 second(s) with 500 milliseconds interval)
	at tests.CreditCardsRelatedTest.user_should_be_on_credit_cards_page(CreditCardsRelatedTest.java:30)
Caused by: org.openqa.selenium.NoSuchElementException: Can't locate an element by this strategy: By.xpath: //*[@class='nav-toggle']
	at tests.CreditCardsRelatedTest.user_should_be_on_credit_cards_page(CreditCardsRelatedTest.java:30)
Caused by: org.openqa.selenium.TimeoutException: Expected condition failed: waiting for io.appium.java_client.pagefactory.AppiumElementLocator$WaitingFunction@407ad05 (tried for 1 second(s) with 500 milliseconds interval)
	at tests.CreditCardsRelatedTest.user_should_be_on_credit_cards_page(CreditCardsRelatedTest.java:30)
Caused by: org.openqa.selenium.NoSuchElementException: 
no such element (An element could not be located on the page using the given search parameters (XPATH='//*[@class='nav-toggle']'))  (WARNING: The server did not provide any stacktrace information)
Command duration or timeout: 0 milliseconds
For documentation on this error, please visit: http://seleniumhq.org/exceptions/no_such_element.html
Build info: version: '3.12.0', revision: '7c6e0b3', time: '2018-05-08T14:04:26.12Z'
System info: host: 'WINDOWS-KEN7H9H', ip: '192.168.0.15', os.name: 'Windows 10', os.arch: 'amd64', os.version: '10.0', java.version: '1.8.0_161'
Driver info: io.appium.java_client.ios.IOSDriver
Capabilities {PNC: PNC_IOS_Web, appiumVersion: 1.8.0, autoAcceptAlerts: false, autoDismissAlerts: false, autoGrantPermissions: false, autoWebview: false, automationName: XCUITest, browserName: safari, cloudViewLink: https://sales.experitest.co..., desired: {PNC: PNC_IOS_Web, browserName: safari, deviceQuery: @os='ios', newSessionWaitTimeout: 300.0, platformName: iOS, testName: user_should_be_on_credit_ca...}, device.category: PHONE, device.majorVersion: 11, device.manufacture: Apple, device.model: iPhone 8+, device.name: iPhone 8 Plus B0166, device.os: iOS, device.screenSize: 1242x2208, device.serialNumber: 81fbdb60549592832dd27664726..., device.version: 11.1, deviceQuery: @os='ios', deviceUDID: 81fbdb60549592832dd27664726..., dontGoHomeOnQuit: false, dontStopAppOnReset: false, ehmPrefixUrl: /agent-11, fullReset: false, gridNodePort: 7791, install.only.for.update: false, instrumentApp: false, javascriptEnabled: true, keystorePath: ~/.android/debug.keystore, locationServicesAuthorized: false, newSessionWaitTimeout: 300.0, noReset: false, platform: IOS, platformName: IOS, projectName: , reportDirectory: reports, reportFormat: xml, reportUrl: https://sales.experitest.co..., reservationDuration: 240.0, takeScreenshots: true, test.type: Mobile, testName: user_should_be_on_credit_ca..., udid: 81fbdb60549592832dd27664726..., useKeystore: false, waitForDeviceTimeout: 120000.0}
Session ID: CLOUD-SID:2019-01-14_17-12-23-9ceb524e-1332-4f54-93e3-c1c3d5046e30
*** Element info: {Using=xpath, value=//*[@class='nav-toggle']}
	at tests.CreditCardsRelatedTest.user_should_be_on_credit_cards_page(CreditCardsRelatedTest.java:30)
</failure>
    <system-out><![CDATA[Mon Jan 14 10:16:15 EST 2019 [Thread[TestNG-tests-1,5,main]][INFO] SeeTest reporterSetStatus - Status 'Failed' could not be sent to any drivers on the class tests.CreditCardsRelatedTest
]]></system-out>
  </testcase>
  <testcase name="verify_item_displayed_in_search_results_list" classname="tests.SearchResultsTest" time="13.833">
    <failure message="Expected condition failed: waiting for visibility of Located by By.xpath: //*[@class=&apos;nav-toggle&apos;] (tried for 20 second(s) with 500 milliseconds interval)" type="org.openqa.selenium.TimeoutException">org.openqa.selenium.TimeoutException: Expected condition failed: waiting for visibility of Located by By.xpath: //*[@class='nav-toggle'] (tried for 20 second(s) with 500 milliseconds interval)
	at tests.SearchResultsTest.verify_item_displayed_in_search_results_list(SearchResultsTest.java:28)
Caused by: org.openqa.selenium.NoSuchElementException: Can't locate an element by this strategy: By.xpath: //*[@class='nav-toggle']
	at tests.SearchResultsTest.verify_item_displayed_in_search_results_list(SearchResultsTest.java:28)
Caused by: org.openqa.selenium.TimeoutException: Expected condition failed: waiting for io.appium.java_client.pagefactory.AppiumElementLocator$WaitingFunction@3e18fcd9 (tried for 1 second(s) with 500 milliseconds interval)
	at tests.SearchResultsTest.verify_item_displayed_in_search_results_list(SearchResultsTest.java:28)
Caused by: org.openqa.selenium.NoSuchElementException: 
no such element: Unable to locate element: {"method":"xpath","selector":"//*[@class='nav-toggle']"}
  (Session info: chrome=71.0.3578.99)
  (Driver info: chromedriver=2.41.578737 (49da6702b16031c40d63e5618de03a32ff6c197e),platform=Windows NT 10.0.14393 x86_64) (WARNING: The server did not provide any stacktrace information)
Command duration or timeout: 0 milliseconds
For documentation on this error, please visit: http://seleniumhq.org/exceptions/no_such_element.html
Build info: version: '3.12.0', revision: '7c6e0b3', time: '2018-05-08T14:04:26.12Z'
System info: host: 'WINDOWS-KEN7H9H', ip: '192.168.0.15', os.name: 'Windows 10', os.arch: 'amd64', os.version: '10.0', java.version: '1.8.0_161'
Driver info: io.appium.java_client.android.AndroidDriver
Capabilities {PNC: PNC_Android_Web, appiumVersion: 1.8.0, autoAcceptAlerts: false, autoDismissAlerts: false, autoGrantPermissions: false, autoWebview: false, browserName: chrome, cloudViewLink: https://sales.experitest.co..., desired: {PNC: PNC_Android_Web, browserName: chrome, deviceQuery: @os='android', newSessionWaitTimeout: 300.0, platformName: Android, testName: verify_item_displayed_in_se...}, device.category: PHONE, device.majorVersion: 5, device.manufacture: HUAWEI, device.model: ALE-L02, device.name: HUAWEI ALE-L02, device.os: Android, device.screenSize: 720x1280, device.serialNumber: N2K7N16811000808, device.version: 5.0.1, deviceQuery: @os='android', deviceUDID: N2K7N16811000808, dontGoHomeOnQuit: false, dontStopAppOnReset: false, ehmPrefixUrl: /agent-11, fullReset: false, gridNodePort: 7783, install.only.for.update: false, instrumentApp: false, javascriptEnabled: true, keystorePath: ~/.android/debug.keystore, locationServicesAuthorized: false, newSessionWaitTimeout: 300.0, noReset: false, platform: ANDROID, platformName: ANDROID, projectName: , reportDirectory: reports, reportFormat: xml, reportUrl: https://sales.experitest.co..., reservationDuration: 240.0, takeScreenshots: true, test.type: Mobile, testName: verify_item_displayed_in_se..., udid: N2K7N16811000808, useKeystore: false, waitForDeviceTimeout: 120000.0}
Session ID: CLOUD-SID:2019-01-14_17-11-10-528863f5-d1cf-4031-88c7-00f41a0f8ecf
*** Element info: {Using=xpath, value=//*[@class='nav-toggle']}
	at tests.SearchResultsTest.verify_item_displayed_in_search_results_list(SearchResultsTest.java:28)
</failure>
    <system-out><![CDATA[Mon Jan 14 10:12:24 EST 2019 [Thread[TestNG-tests-1,5,main]][INFO] SeeTest reporterSetStatus - Status 'Failed' could not be sent to any drivers on the class tests.SearchResultsTest
]]></system-out>
  </testcase>
  <testcase name="verify_item_displayed_in_search_results_list" classname="tests.SearchResultsTest" time="32.799"/>
  <testcase name="verify_item_displayed_in_search_results_list" classname="tests.SearchResultsTest" time="35.331"/>
  <testcase name="verify_item_displayed_in_search_results_list" classname="tests.SearchResultsTest" time="2.611"/>
  <testcase name="verify_item_displayed_in_search_results_list" classname="tests.SearchResultsTest" time="30.12"/>
  <testcase name="verify_item_displayed_in_search_results_list" classname="tests.SearchResultsTest" time="45.701"/>
</testsuite>